<?xml version="1.0" encoding="UTF-8"?>
<!-- Generated by org.testng.reporters.JUnitXMLReporter -->
<testsuite ignored="2" hostname="DESKTOP-5EVK54D" failures="0" tests="4" name="Morning" time="4.18" errors="0" timestamp="2024-01-16T09:14:44 IST">
  <testcase classname="testclasses.RegisterTest" name="registerUser" time="2.955"/>
  <testcase classname="testclasses.RegisterTest" name="navToLoginPage" time="0.293"/>
  <testcase classname="testclasses.LoginTest" name="validateTitle" time="0.047"/>
  <testcase classname="testclasses.LoginTest" name="loginToApp" time="0.64"/>
  <testcase classname="testclasses.BaseTest" name="@AfterSuite tearDown" time="0.0">
    <ignored/>
  </testcase> <!-- @AfterSuite tearDown -->
  <testcase classname="testclasses.BaseTest" name="@BeforeSuite initBrowser" time="0.0">
    <ignored/>
  </testcase> <!-- @BeforeSuite initBrowser -->
</testsuite> <!-- Morning -->
