<?xml version="1.0" encoding="UTF-8"?>
<testng-results ignored="2" total="6" passed="4" failed="0" skipped="0">
  <reporter-output>
  </reporter-output>
  <suite started-at="2024-01-16T09:14:40 IST" name="9 Sept" finished-at="2024-01-16T09:14:44 IST" duration-ms="4180">
    <groups>
    </groups>
    <test started-at="2024-01-16T09:14:40 IST" name="Morning" finished-at="2024-01-16T09:14:44 IST" duration-ms="4180">
      <class name="testclasses.LoginTest">
        <test-method is-config="true" signature="createObject()[pri:0, instance:testclasses.LoginTest@67f639d3]" started-at="2024-01-16T09:14:43 IST" name="createObject" finished-at="2024-01-16T09:14:43 IST" duration-ms="11" status="PASS">
          <reporter-output>
          </reporter-output>
        </test-method> <!-- createObject -->
        <test-method signature="validateTitle()[pri:3, instance:testclasses.LoginTest@67f639d3]" started-at="2024-01-16T09:14:43 IST" name="validateTitle" finished-at="2024-01-16T09:14:44 IST" duration-ms="47" status="PASS">
          <reporter-output>
          </reporter-output>
        </test-method> <!-- validateTitle -->
        <test-method signature="loginToApp()[pri:4, instance:testclasses.LoginTest@67f639d3]" started-at="2024-01-16T09:14:44 IST" name="loginToApp" finished-at="2024-01-16T09:14:44 IST" duration-ms="640" status="PASS">
          <reporter-output>
          </reporter-output>
        </test-method> <!-- loginToApp -->
      </class> <!-- testclasses.LoginTest -->
      <class name="testclasses.RegisterTest">
        <test-method is-config="true" signature="initBrowser()[pri:0, instance:testclasses.RegisterTest@21282ed8]" started-at="2024-01-16T09:14:32 IST" name="initBrowser" finished-at="2024-01-16T09:14:40 IST" duration-ms="7950" status="PASS">
          <reporter-output>
          </reporter-output>
        </test-method> <!-- initBrowser -->
        <test-method is-config="true" signature="createObject()[pri:0, instance:testclasses.RegisterTest@21282ed8]" started-at="2024-01-16T09:14:40 IST" name="createObject" finished-at="2024-01-16T09:14:40 IST" duration-ms="87" status="PASS">
          <reporter-output>
          </reporter-output>
        </test-method> <!-- createObject -->
        <test-method signature="registerUser()[pri:1, instance:testclasses.RegisterTest@21282ed8]" started-at="2024-01-16T09:14:40 IST" name="registerUser" finished-at="2024-01-16T09:14:43 IST" duration-ms="2955" status="PASS">
          <reporter-output>
          </reporter-output>
        </test-method> <!-- registerUser -->
        <test-method signature="navToLoginPage()[pri:2, instance:testclasses.RegisterTest@21282ed8]" started-at="2024-01-16T09:14:43 IST" name="navToLoginPage" finished-at="2024-01-16T09:14:43 IST" duration-ms="293" status="PASS">
          <reporter-output>
          </reporter-output>
        </test-method> <!-- navToLoginPage -->
        <test-method is-config="true" signature="tearDown()[pri:0, instance:testclasses.RegisterTest@21282ed8]" started-at="2024-01-16T09:14:44 IST" name="tearDown" finished-at="2024-01-16T09:14:45 IST" duration-ms="666" status="PASS">
          <reporter-output>
          </reporter-output>
        </test-method> <!-- tearDown -->
      </class> <!-- testclasses.RegisterTest -->
    </test> <!-- Morning -->
  </suite> <!-- 9 Sept -->
</testng-results>
